# JRE version: Java(TM) SE Runtime Environment (16.0.1+9) (build 16.0.1+9-24)
# Java VM: Java HotSpot(TM) 64-Bit Server VM (16.0.1+9-24, mixed mode, sharing, tiered, compressed oops, compressed class ptrs, g1 gc, windows-amd64)
GC Precious Log:
 CPUs: 12 total, 12 available
 Memory: 16224M
 Large Page Support: Disabled
 NUMA Support: Disabled
 Compressed Oops: Enabled (Zero based)
 Heap Region Size: 2M
 Heap Min Capacity: 8M
 Heap Initial Capacity: 254M
 Heap Max Capacity: 4058M
 Pre-touch: Disabled
 Parallel Workers: 10
 Concurrent Workers: 3
 Concurrent Refinement Workers: 10
 Periodic GC: Disabled
Heap:
 garbage-first heap   total 86016K, used 35531K [0x0000000702600000, 0x0000000800000000)
  region size 2048K, 3 young (6144K), 2 survivors (4096K)
 Metaspace       used 35579K, committed 35904K, reserved 1081344K
  class space    used 5286K, committed 5440K, reserved 1048576K
GC Heap History (12 events):
Event: 1.509 GC heap before
{Heap before GC invocations=0 (full 0):
 garbage-first heap   total 260096K, used 20480K [0x0000000702600000, 0x0000000800000000)
  region size 2048K, 11 young (22528K), 0 survivors (0K)
 Metaspace       used 8228K, committed 8384K, reserved 1064960K
  class space    used 865K, committed 960K, reserved 1048576K
}
Event: 1.512 GC heap after
{Heap after GC invocations=1 (full 0):
 garbage-first heap   total 260096K, used 4329K [0x0000000702600000, 0x0000000800000000)
  region size 2048K, 2 young (4096K), 2 survivors (4096K)
 Metaspace       used 8228K, committed 8384K, reserved 1064960K
  class space    used 865K, committed 960K, reserved 1048576K
}
Event: 2.810 GC heap before
{Heap before GC invocations=1 (full 0):
 garbage-first heap   total 260096K, used 35049K [0x0000000702600000, 0x0000000800000000)
  region size 2048K, 16 young (32768K), 2 survivors (4096K)
 Metaspace       used 15248K, committed 15488K, reserved 1064960K
  class space    used 1868K, committed 1984K, reserved 1048576K
}
Event: 2.818 GC heap after
{Heap after GC invocations=2 (full 0):
 garbage-first heap   total 260096K, used 12155K [0x0000000702600000, 0x0000000800000000)
  region size 2048K, 2 young (4096K), 2 survivors (4096K)
 Metaspace       used 15248K, committed 15488K, reserved 1064960K
  class space    used 1868K, committed 1984K, reserved 1048576K
}
Event: 3.699 GC heap before
{Heap before GC invocations=2 (full 0):
 garbage-first heap   total 260096K, used 32635K [0x0000000702600000, 0x0000000800000000)
  region size 2048K, 14 young (28672K), 2 survivors (4096K)
 Metaspace       used 21026K, committed 21248K, reserved 1073152K
  class space    used 3343K, committed 3456K, reserved 1048576K
}
Event: 3.705 GC heap after
{Heap after GC invocations=3 (full 0):
 garbage-first heap   total 260096K, used 16016K [0x0000000702600000, 0x0000000800000000)
  region size 2048K, 2 young (4096K), 2 survivors (4096K)
 Metaspace       used 21026K, committed 21248K, reserved 1073152K
  class space    used 3343K, committed 3456K, reserved 1048576K
}
Event: 5.605 GC heap before
{Heap before GC invocations=4 (full 0):
 garbage-first heap   total 69632K, used 65168K [0x0000000702600000, 0x0000000800000000)
  region size 2048K, 24 young (49152K), 2 survivors (4096K)
 Metaspace       used 26119K, committed 26432K, reserved 1073152K
  class space    used 4031K, committed 4160K, reserved 1048576K
}
Event: 5.621 GC heap after
{Heap after GC invocations=5 (full 0):
 garbage-first heap   total 86016K, used 27489K [0x0000000702600000, 0x0000000800000000)
  region size 2048K, 5 young (10240K), 5 survivors (10240K)
 Metaspace       used 26119K, committed 26432K, reserved 1073152K
  class space    used 4031K, committed 4160K, reserved 1048576K
}
Event: 6.324 GC heap before
{Heap before GC invocations=5 (full 0):
 garbage-first heap   total 86016K, used 50017K [0x0000000702600000, 0x0000000800000000)
  region size 2048K, 16 young (32768K), 5 survivors (10240K)
 Metaspace       used 33870K, committed 34240K, reserved 1081344K
  class space    used 5005K, committed 5184K, reserved 1048576K
}
Event: 6.340 GC heap after
{Heap after GC invocations=6 (full 0):
 garbage-first heap   total 86016K, used 31945K [0x0000000702600000, 0x0000000800000000)
  region size 2048K, 2 young (4096K), 2 survivors (4096K)
 Metaspace       used 33870K, committed 34240K, reserved 1081344K
  class space    used 5005K, committed 5184K, reserved 1048576K
}
Event: 7.501 GC heap before
{Heap before GC invocations=6 (full 0):
 garbage-first heap   total 86016K, used 40137K [0x0000000702600000, 0x0000000800000000)
  region size 2048K, 7 young (14336K), 2 survivors (4096K)
 Metaspace       used 35266K, committed 35712K, reserved 1081344K
  class space    used 5274K, committed 5440K, reserved 1048576K
}
Event: 7.508 GC heap after
{Heap after GC invocations=7 (full 0):
 garbage-first heap   total 86016K, used 35531K [0x0000000702600000, 0x0000000800000000)
  region size 2048K, 2 young (4096K), 2 survivors (4096K)
 Metaspace       used 35266K, committed 35712K, reserved 1081344K
  class space    used 5274K, committed 5440K, reserved 1048576K
}

