# JRE version: Java(TM) SE Runtime Environment (16.0.1+9) (build 16.0.1+9-24)
# Java VM: Java HotSpot(TM) 64-Bit Server VM (16.0.1+9-24, mixed mode, sharing, tiered, compressed oops, compressed class ptrs, g1 gc, windows-amd64)
GC Precious Log:
 CPUs: 12 total, 12 available
 Memory: 16224M
 Large Page Support: Disabled
 NUMA Support: Disabled
 Compressed Oops: Enabled (Zero based)
 Heap Region Size: 2M
 Heap Min Capacity: 8M
 Heap Initial Capacity: 254M
 Heap Max Capacity: 4058M
 Pre-touch: Disabled
 Parallel Workers: 10
 Concurrent Workers: 3
 Concurrent Refinement Workers: 10
 Periodic GC: Disabled
Heap:
 garbage-first heap   total 75776K, used 37631K [0x0000000702600000, 0x0000000800000000)
  region size 2048K, 2 young (4096K), 1 survivors (2048K)
 Metaspace       used 35589K, committed 35904K, reserved 1081344K
  class space    used 5290K, committed 5440K, reserved 1048576K
GC Heap History (14 events):
Event: 1.569 GC heap before
{Heap before GC invocations=0 (full 0):
 garbage-first heap   total 260096K, used 20480K [0x0000000702600000, 0x0000000800000000)
  region size 2048K, 11 young (22528K), 0 survivors (0K)
 Metaspace       used 8233K, committed 8448K, reserved 1064960K
  class space    used 865K, committed 960K, reserved 1048576K
}
Event: 1.572 GC heap after
{Heap after GC invocations=1 (full 0):
 garbage-first heap   total 260096K, used 4700K [0x0000000702600000, 0x0000000800000000)
  region size 2048K, 2 young (4096K), 2 survivors (4096K)
 Metaspace       used 8233K, committed 8448K, reserved 1064960K
  class space    used 865K, committed 960K, reserved 1048576K
}
Event: 3.027 GC heap before
{Heap before GC invocations=1 (full 0):
 garbage-first heap   total 260096K, used 35420K [0x0000000702600000, 0x0000000800000000)
  region size 2048K, 16 young (32768K), 2 survivors (4096K)
 Metaspace       used 15278K, committed 15488K, reserved 1064960K
  class space    used 1868K, committed 1984K, reserved 1048576K
}
Event: 3.041 GC heap after
{Heap after GC invocations=2 (full 0):
 garbage-first heap   total 260096K, used 12010K [0x0000000702600000, 0x0000000800000000)
  region size 2048K, 2 young (4096K), 2 survivors (4096K)
 Metaspace       used 15278K, committed 15488K, reserved 1064960K
  class space    used 1868K, committed 1984K, reserved 1048576K
}
Event: 3.935 GC heap before
{Heap before GC invocations=2 (full 0):
 garbage-first heap   total 260096K, used 32490K [0x0000000702600000, 0x0000000800000000)
  region size 2048K, 14 young (28672K), 2 survivors (4096K)
 Metaspace       used 21027K, committed 21248K, reserved 1073152K
  class space    used 3336K, committed 3456K, reserved 1048576K
}
Event: 3.939 GC heap after
{Heap after GC invocations=3 (full 0):
 garbage-first heap   total 260096K, used 15775K [0x0000000702600000, 0x0000000800000000)
  region size 2048K, 2 young (4096K), 2 survivors (4096K)
 Metaspace       used 21027K, committed 21248K, reserved 1073152K
  class space    used 3336K, committed 3456K, reserved 1048576K
}
Event: 5.571 GC heap before
{Heap before GC invocations=4 (full 0):
 garbage-first heap   total 61440K, used 58783K [0x0000000702600000, 0x0000000800000000)
  region size 2048K, 21 young (43008K), 2 survivors (4096K)
 Metaspace       used 25909K, committed 26240K, reserved 1073152K
  class space    used 4022K, committed 4160K, reserved 1048576K
}
Event: 5.587 GC heap after
{Heap after GC invocations=5 (full 0):
 garbage-first heap   total 75776K, used 26602K [0x0000000702600000, 0x0000000800000000)
  region size 2048K, 5 young (10240K), 5 survivors (10240K)
 Metaspace       used 25909K, committed 26240K, reserved 1073152K
  class space    used 4022K, committed 4160K, reserved 1048576K
}
Event: 6.172 GC heap before
{Heap before GC invocations=5 (full 0):
 garbage-first heap   total 75776K, used 45034K [0x0000000702600000, 0x0000000800000000)
  region size 2048K, 15 young (30720K), 5 survivors (10240K)
 Metaspace       used 29810K, committed 30208K, reserved 1081344K
  class space    used 4495K, committed 4672K, reserved 1048576K
}
Event: 6.189 GC heap after
{Heap after GC invocations=6 (full 0):
 garbage-first heap   total 75776K, used 31418K [0x0000000702600000, 0x0000000800000000)
  region size 2048K, 2 young (4096K), 2 survivors (4096K)
 Metaspace       used 29810K, committed 30208K, reserved 1081344K
  class space    used 4495K, committed 4672K, reserved 1048576K
}
Event: 9.995 GC heap before
{Heap before GC invocations=6 (full 0):
 garbage-first heap   total 75776K, used 49850K [0x0000000702600000, 0x0000000800000000)
  region size 2048K, 11 young (22528K), 2 survivors (4096K)
 Metaspace       used 35394K, committed 35776K, reserved 1081344K
  class space    used 5294K, committed 5440K, reserved 1048576K
}
Event: 10.004 GC heap after
{Heap after GC invocations=7 (full 0):
 garbage-first heap   total 75776K, used 36465K [0x0000000702600000, 0x0000000800000000)
  region size 2048K, 2 young (4096K), 2 survivors (4096K)
 Metaspace       used 35394K, committed 35776K, reserved 1081344K
  class space    used 5294K, committed 5440K, reserved 1048576K
}
Event: 10.289 GC heap before
{Heap before GC invocations=7 (full 0):
 garbage-first heap   total 75776K, used 36465K [0x0000000702600000, 0x0000000800000000)
  region size 2048K, 3 young (6144K), 2 survivors (4096K)
 Metaspace       used 35440K, committed 35776K, reserved 1081344K
  class space    used 5299K, committed 5440K, reserved 1048576K
}
Event: 10.296 GC heap after
{Heap after GC invocations=8 (full 0):
 garbage-first heap   total 75776K, used 37631K [0x0000000702600000, 0x0000000800000000)
  region size 2048K, 1 young (2048K), 1 survivors (2048K)
 Metaspace       used 35440K, committed 35776K, reserved 1081344K
  class space    used 5299K, committed 5440K, reserved 1048576K
}

